{"C:\\Users\\a_hon\\github\\admin-2\\src\\components\\Pagination\\index.tsx": {"path":"C:\\Users\\a_hon\\github\\admin-2\\src\\components\\Pagination\\index.tsx","statementMap":{"0":{"start":{"line":2,"column":0},"end":{"line":2,"column":37}},"1":{"start":{"line":10,"column":19},"end":{"line":57,"column":1}},"2":{"start":{"line":15,"column":20},"end":{"line":15,"column":67}},"3":{"start":{"line":17,"column":2},"end":{"line":56,"column":4}},"4":{"start":{"line":24,"column":10},"end":{"line":24,"column":60}},"5":{"start":{"line":31,"column":10},"end":{"line":32,"column":null}},"6":{"start":{"line":38,"column":14},"end":{"line":38,"column":68}},"7":{"start":{"line":50,"column":10},"end":{"line":50,"column":60}},"8":{"start":{"line":59,"column":0},"end":{"line":59,"column":26}},"9":{"start":{"line":66,"column":20},"end":{"line":66,"column":67}},"10":{"start":{"line":68,"column":18},"end":{"line":68,"column":59}},"11":{"start":{"line":70,"column":16},"end":{"line":70,"column":18}},"12":{"start":{"line":71,"column":2},"end":{"line":73,"column":3}},"13":{"start":{"line":71,"column":15},"end":{"line":71,"column":24}},"14":{"start":{"line":72,"column":4},"end":{"line":72,"column":18}},"15":{"start":{"line":75,"column":2},"end":{"line":75,"column":15}}},"fnMap":{"0":{"name":"(anonymous_0)","decl":{"start":{"line":10,"column":19},"end":{"line":10,"column":20}},"loc":{"start":{"line":14,"column":22},"end":{"line":57,"column":1}}},"1":{"name":"(anonymous_1)","decl":{"start":{"line":23,"column":17},"end":{"line":23,"column":20}},"loc":{"start":{"line":23,"column":22},"end":{"line":25,"column":9}}},"2":{"name":"(anonymous_2)","decl":{"start":{"line":30,"column":23},"end":{"line":30,"column":24}},"loc":{"start":{"line":31,"column":10},"end":{"line":32,"column":null}}},"3":{"name":"(anonymous_3)","decl":{"start":{"line":37,"column":21},"end":{"line":37,"column":24}},"loc":{"start":{"line":37,"column":26},"end":{"line":39,"column":13}}},"4":{"name":"(anonymous_4)","decl":{"start":{"line":49,"column":17},"end":{"line":49,"column":20}},"loc":{"start":{"line":49,"column":22},"end":{"line":51,"column":9}}},"5":{"name":"getPaginationItemArray","decl":{"start":{"line":61,"column":9},"end":{"line":61,"column":31}},"loc":{"start":{"line":64,"column":11},"end":{"line":76,"column":1}}}},"branchMap":{"0":{"loc":{"start":{"line":35,"column":14},"end":{"line":35,"column":56}},"type":"cond-expr","locations":[{"start":{"line":35,"column":37},"end":{"line":35,"column":51}},{"start":{"line":35,"column":54},"end":{"line":35,"column":56}}]},"1":{"loc":{"start":{"line":64,"column":2},"end":{"line":64,"column":11}},"type":"default-arg","locations":[{"start":{"line":64,"column":9},"end":{"line":64,"column":11}}]}},"s":{"0":1,"1":1,"2":4,"3":4,"4":1,"5":20,"6":1,"7":1,"8":1,"9":4,"10":4,"11":4,"12":4,"13":4,"14":20,"15":4},"f":{"0":4,"1":1,"2":20,"3":1,"4":1,"5":4},"b":{"0":[4,16],"1":[4]}}
,"C:\\Users\\a_hon\\github\\admin-2\\src\\lib\\utils.ts": {"path":"C:\\Users\\a_hon\\github\\admin-2\\src\\lib\\utils.ts","statementMap":{"0":{"start":{"line":4,"column":0},"end":{"line":4,"column":16}},"1":{"start":{"line":1,"column":0},"end":{"line":1,"column":44}},"2":{"start":{"line":2,"column":0},"end":{"line":2,"column":40}},"3":{"start":{"line":5,"column":2},"end":{"line":5,"column":null}}},"fnMap":{"0":{"name":"cn","decl":{"start":{"line":4,"column":16},"end":{"line":4,"column":18}},"loc":{"start":{"line":4,"column":42},"end":{"line":6,"column":1}}}},"branchMap":{},"s":{"0":1,"1":1,"2":1,"3":20},"f":{"0":20},"b":{}}
}
