TN:
SF:src\components\Pagination\index.tsx
FN:10,(anonymous_0)
FN:23,(anonymous_1)
FN:30,(anonymous_2)
FN:37,(anonymous_3)
FN:49,(anonymous_4)
FN:61,getPaginationItemArray
FNF:6
FNH:6
FNDA:4,(anonymous_0)
FNDA:1,(anonymous_1)
FNDA:20,(anonymous_2)
FNDA:1,(anonymous_3)
FNDA:1,(anonymous_4)
FNDA:4,getPaginationItemArray
DA:2,1
DA:10,1
DA:15,4
DA:17,4
DA:24,1
DA:31,20
DA:38,1
DA:50,1
DA:59,1
DA:66,4
DA:68,4
DA:70,4
DA:71,4
DA:72,20
DA:75,4
LF:15
LH:15
BRDA:35,0,0,4
BRDA:35,0,1,16
BRDA:64,1,0,4
BRF:3
BRH:3
end_of_record
TN:
SF:src\lib\utils.ts
FN:4,cn
FNF:1
FNH:1
FNDA:20,cn
DA:1,1
DA:2,1
DA:4,1
DA:5,20
LF:4
LH:4
BRF:0
BRH:0
end_of_record
